<?xml version="1.0" encoding="UTF-8"?>
<testng-results skipped="0" failed="1" ignored="0" total="8" passed="7">
  <reporter-output>
  </reporter-output>
  <suite name="Default suite" duration-ms="102160" started-at="2019-12-14T12:07:19 CET" finished-at="2019-12-14T12:09:01 CET">
    <groups>
    </groups>
    <test name="Default test" duration-ms="102160" started-at="2019-12-14T12:07:19 CET" finished-at="2019-12-14T12:09:01 CET">
      <class name="Tests.TravelsMenuTest">
        <test-method status="PASS" signature="setup()[pri:0, instance:Tests.TravelsMenuTest@2b552920]" name="setup" is-config="true" duration-ms="14097" started-at="2019-12-14T12:07:19 CET" finished-at="2019-12-14T12:07:33 CET">
          <reporter-output>
          </reporter-output>
        </test-method> <!-- setup -->
        <test-method status="FAIL" signature="loginTest()[pri:0, instance:Tests.TravelsMenuTest@2b552920]" name="loginTest" duration-ms="16973" started-at="2019-12-14T12:07:33 CET" finished-at="2019-12-14T12:07:50 CET">
          <exception class="java.lang.AssertionError">
            <message>
              <![CDATA[expected [Dashboard] but found [Administator Login]]]>
            </message>
            <full-stacktrace>
              <![CDATA[java.lang.AssertionError: expected [Dashboard] but found [Administator Login]
at org.testng.Assert.fail(Assert.java:97)
at org.testng.Assert.assertEqualsImpl(Assert.java:136)
at org.testng.Assert.assertEquals(Assert.java:118)
at org.testng.Assert.assertEquals(Assert.java:575)
at org.testng.Assert.assertEquals(Assert.java:585)
at Tests.TestLogin.loginTest(TestLogin.java:41)
at sun.reflect.NativeMethodAccessorImpl.invoke0(Native Method)
at sun.reflect.NativeMethodAccessorImpl.invoke(NativeMethodAccessorImpl.java:62)
at sun.reflect.DelegatingMethodAccessorImpl.invoke(DelegatingMethodAccessorImpl.java:43)
at java.lang.reflect.Method.invoke(Method.java:498)
at org.testng.internal.MethodInvocationHelper.invokeMethod(MethodInvocationHelper.java:133)
at org.testng.internal.TestInvoker.invokeMethod(TestInvoker.java:584)
at org.testng.internal.TestInvoker.invokeTestMethod(TestInvoker.java:172)
at org.testng.internal.MethodRunner.runInSequence(MethodRunner.java:46)
at org.testng.internal.TestInvoker$MethodInvocationAgent.invoke(TestInvoker.java:804)
at org.testng.internal.TestInvoker.invokeTestMethods(TestInvoker.java:145)
at org.testng.internal.TestMethodWorker.invokeTestMethods(TestMethodWorker.java:146)
at org.testng.internal.TestMethodWorker.run(TestMethodWorker.java:128)
at java.util.ArrayList.forEach(ArrayList.java:1257)
at org.testng.TestRunner.privateRun(TestRunner.java:770)
at org.testng.TestRunner.run(TestRunner.java:591)
at org.testng.SuiteRunner.runTest(SuiteRunner.java:402)
at org.testng.SuiteRunner.runSequentially(SuiteRunner.java:396)
at org.testng.SuiteRunner.privateRun(SuiteRunner.java:355)
at org.testng.SuiteRunner.run(SuiteRunner.java:304)
at org.testng.SuiteRunnerWorker.runSuite(SuiteRunnerWorker.java:53)
at org.testng.SuiteRunnerWorker.run(SuiteRunnerWorker.java:96)
at org.testng.TestNG.runSuitesSequentially(TestNG.java:1180)
at org.testng.TestNG.runSuitesLocally(TestNG.java:1102)
at org.testng.TestNG.runSuites(TestNG.java:1032)
at org.testng.TestNG.run(TestNG.java:1000)
at org.testng.remote.AbstractRemoteTestNG.run(AbstractRemoteTestNG.java:115)
at org.testng.remote.RemoteTestNG.initAndRun(RemoteTestNG.java:251)
at org.testng.remote.RemoteTestNG.main(RemoteTestNG.java:77)
]]>
            </full-stacktrace>
          </exception> <!-- java.lang.AssertionError -->
          <reporter-output>
          </reporter-output>
        </test-method> <!-- loginTest -->
        <test-method status="PASS" signature="clickDashboard()[pri:1, instance:Tests.TravelsMenuTest@2b552920]" name="clickDashboard" duration-ms="12087" started-at="2019-12-14T12:07:50 CET" finished-at="2019-12-14T12:08:02 CET">
          <reporter-output>
          </reporter-output>
        </test-method> <!-- clickDashboard -->
        <test-method status="PASS" signature="clickUpdate()[pri:2, instance:Tests.TravelsMenuTest@2b552920]" name="clickUpdate" duration-ms="7900" started-at="2019-12-14T12:08:02 CET" finished-at="2019-12-14T12:08:10 CET">
          <reporter-output>
          </reporter-output>
        </test-method> <!-- clickUpdate -->
        <test-method status="PASS" signature="clickModules()[pri:3, instance:Tests.TravelsMenuTest@2b552920]" name="clickModules" duration-ms="12542" started-at="2019-12-14T12:08:10 CET" finished-at="2019-12-14T12:08:23 CET">
          <reporter-output>
          </reporter-output>
        </test-method> <!-- clickModules -->
        <test-method status="PASS" signature="clickTours()[pri:4, instance:Tests.TravelsMenuTest@2b552920]" name="clickTours" duration-ms="16044" started-at="2019-12-14T12:08:23 CET" finished-at="2019-12-14T12:08:39 CET">
          <reporter-output>
          </reporter-output>
        </test-method> <!-- clickTours -->
        <test-method status="PASS" signature="clickCoupons()[pri:5, instance:Tests.TravelsMenuTest@2b552920]" name="clickCoupons" duration-ms="8031" started-at="2019-12-14T12:08:39 CET" finished-at="2019-12-14T12:08:47 CET">
          <reporter-output>
          </reporter-output>
        </test-method> <!-- clickCoupons -->
        <test-method status="PASS" signature="clickNewsletter()[pri:6, instance:Tests.TravelsMenuTest@2b552920]" name="clickNewsletter" duration-ms="7032" started-at="2019-12-14T12:08:47 CET" finished-at="2019-12-14T12:08:54 CET">
          <reporter-output>
          </reporter-output>
        </test-method> <!-- clickNewsletter -->
        <test-method status="PASS" signature="clickBooking()[pri:7, instance:Tests.TravelsMenuTest@2b552920]" name="clickBooking" duration-ms="7394" started-at="2019-12-14T12:08:54 CET" finished-at="2019-12-14T12:09:01 CET">
          <reporter-output>
          </reporter-output>
        </test-method> <!-- clickBooking -->
        <test-method status="PASS" signature="quit()[pri:0, instance:Tests.TravelsMenuTest@2b552920]" name="quit" is-config="true" duration-ms="0" started-at="2019-12-14T12:09:01 CET" finished-at="2019-12-14T12:09:01 CET">
          <reporter-output>
          </reporter-output>
        </test-method> <!-- quit -->
      </class> <!-- Tests.TravelsMenuTest -->
    </test> <!-- Default test -->
  </suite> <!-- Default suite -->
</testng-results>
